<?xml version="1.0" encoding="UTF-8"?>
<!-- Generated by org.testng.reporters.JUnitReportReporter -->
<testsuite skipped="0" hostname="Diya" name="com.herokuapp.internet.testsuite.LoginPageTest" tests="3" failures="0" timestamp="2022-12-12T16:01:50 GMT" time="12.996" errors="0">
  <testcase name="verifyTheUsernameErrorMessage" time="3.529" classname="com.herokuapp.internet.testsuite.LoginPageTest"/>
  <system-out>
    <![CDATA[invalidUsernametomsmith1[[ChromeDriver: chrome on WINDOWS (1bcf9a4ce7e85b7423dcf20a24e7a563)] -> name: username]
validPasswordSuperSecretPassword![[ChromeDriver: chrome on WINDOWS (1bcf9a4ce7e85b7423dcf20a24e7a563)] -> name: password]
clickOnLoginButton1[[ChromeDriver: chrome on WINDOWS (1bcf9a4ce7e85b7423dcf20a24e7a563)] -> tag name: i]
getErrorMessage[[ChromeDriver: chrome on WINDOWS (1bcf9a4ce7e85b7423dcf20a24e7a563)] -> xpath: //div[@id='flash-messages']//div[1]]
Click to see screenshot
<a target = "_blank" href=C:\Users\viren\IdeaProjects\com-herokuapp-wk-15-virenpatel/test-output/html/verifyTheUsernameErrorMessageMon_Dec_12_16_01_48_GMT_2022.jpg>Screenshot</a>
<br>
Click to see screenshot
<a target = "_blank" href=C:\Users\viren\IdeaProjects\com-herokuapp-wk-15-virenpatel/test-output/html/verifyTheUsernameErrorMessageMon_Dec_12_16_01_49_GMT_2022.jpg>Screenshot</a>
<br>]]>
  </system-out>
  <testcase name="UserShouldLoginSuccessfullyWithValidCredentials" time="4.323" classname="com.herokuapp.internet.testsuite.LoginPageTest"/>
  <system-out>
    <![CDATA[enterUsernametomsmith[[ChromeDriver: chrome on WINDOWS (f308b429ac7a8a480beb3f25a697bad5)] -> name: username]
enterPasswordSuperSecretPassword![[ChromeDriver: chrome on WINDOWS (f308b429ac7a8a480beb3f25a697bad5)] -> name: password]
clickOnLoginButton[[ChromeDriver: chrome on WINDOWS (f308b429ac7a8a480beb3f25a697bad5)] -> tag name: i]
getTextSecureArea[[ChromeDriver: chrome on WINDOWS (f308b429ac7a8a480beb3f25a697bad5)] -> xpath: //body[1]/div[2]/div[1]/div[1]/h2[1]]
Click to see screenshot
<a target = "_blank" href=C:\Users\viren\IdeaProjects\com-herokuapp-wk-15-virenpatel/test-output/html/UserShouldLoginSuccessfullyWithValidCredentialsMon_Dec_12_16_01_40_GMT_2022.jpg>Screenshot</a>
<br>
Click to see screenshot
<a target = "_blank" href=C:\Users\viren\IdeaProjects\com-herokuapp-wk-15-virenpatel/test-output/html/UserShouldLoginSuccessfullyWithValidCredentialsMon_Dec_12_16_01_40_GMT_2022.jpg>Screenshot</a>
<br>]]>
  </system-out>
  <testcase name="verifyThePasswordErrorMessage" time="5.144" classname="com.herokuapp.internet.testsuite.LoginPageTest"/>
  <system-out>
    <![CDATA[validUsernametomsmith[[ChromeDriver: chrome on WINDOWS (afd0ca5d02c70066a53b7b487bb730de)] -> name: username]
invalidPasswordSuperSecretPassword[[ChromeDriver: chrome on WINDOWS (afd0ca5d02c70066a53b7b487bb730de)] -> name: password]
clickOnLoginButton2[[ChromeDriver: chrome on WINDOWS (afd0ca5d02c70066a53b7b487bb730de)] -> tag name: i]
getErrorMessageForInvalidPassword[[ChromeDriver: chrome on WINDOWS (afd0ca5d02c70066a53b7b487bb730de)] -> xpath: //div[@id='flash-messages']//div[1]]
Click to see screenshot
<a target = "_blank" href=C:\Users\viren\IdeaProjects\com-herokuapp-wk-15-virenpatel/test-output/html/verifyThePasswordErrorMessageMon_Dec_12_16_01_45_GMT_2022.jpg>Screenshot</a>
<br>
Click to see screenshot
<a target = "_blank" href=C:\Users\viren\IdeaProjects\com-herokuapp-wk-15-virenpatel/test-output/html/verifyThePasswordErrorMessageMon_Dec_12_16_01_45_GMT_2022.jpg>Screenshot</a>
<br>]]>
  </system-out>
</testsuite> <!-- com.herokuapp.internet.testsuite.LoginPageTest -->
